<?xml version="1.0" encoding="utf-8" standalone="no"?>
<test-run id="2" testcasecount="80" result="Failed" total="19" passed="16" failed="3" inconclusive="0" skipped="0" asserts="16" engine-version="3.9.0.0" clr-version="4.0.30319.42000" start-time="2018-10-30 12:16:44Z" end-time="2018-10-30 12:26:18Z" duration="574.585719">
  <command-line><![CDATA[nunit3-console.exe  E:\Automation\Autoscoring_Automation\Automated.Tests\bin\Debug\Automated.Tests.dll --where "cat == SmokeTests" --labels=All --out=TestResult.txt --work=E:\Automation\Autoscoring_Automation\Test.Automation.Output\Reports\2018-10-30-02-16PM]]></command-line>
  <filter>
    <cat>SmokeTests</cat>
  </filter>
  <test-suite type="Assembly" id="0-1089" name="Automated.Tests.dll" fullname="E:\Automation\Autoscoring_Automation\Automated.Tests\bin\Debug\Automated.Tests.dll" runstate="Runnable" testcasecount="80" result="Failed" site="Child" start-time="2018-10-30 12:16:44Z" end-time="2018-10-30 12:26:18Z" duration="574.041309" total="19" passed="16" failed="3" warnings="0" inconclusive="0" skipped="0" asserts="16">
    <environment framework-version="3.9.0.0" clr-version="4.0.30319.42000" os-version="Microsoft Windows NT 10.0.17134.0" platform="Win32NT" cwd="E:\Automation\Autoscoring_Automation\packages\NUnit.ConsoleRunner.3.9.0\tools" machine-name="DSATY-10-10170" user="doaa.saty" user-domain="ITWORX" culture="en-US" uiculture="en-US" os-architecture="x64" />
    <settings>
      <setting name="DisposeRunners" value="True" />
      <setting name="WorkDirectory" value="E:\Automation\Autoscoring_Automation\Test.Automation.Output\Reports\2018-10-30-02-16PM" />
      <setting name="ImageRuntimeVersion" value="4.0.30319" />
      <setting name="ImageTargetFrameworkName" value=".NETFramework,Version=v4.5.2" />
      <setting name="ImageRequiresX86" value="False" />
      <setting name="ImageRequiresDefaultAppDomainAssemblyResolver" value="False" />
      <setting name="NumberOfTestWorkers" value="4" />
    </settings>
    <properties>
      <property name="_PID" value="5140" />
      <property name="_APPDOMAIN" value="domain-" />
    </properties>
    <failure>
      <message><![CDATA[One or more child tests had errors]]></message>
    </failure>
    <test-suite type="TestSuite" id="0-1090" name="Automated" fullname="Automated" runstate="Runnable" testcasecount="80" result="Failed" site="Child" start-time="2018-10-30 12:16:44Z" end-time="2018-10-30 12:26:18Z" duration="574.023539" total="19" passed="16" failed="3" warnings="0" inconclusive="0" skipped="0" asserts="16">
      <properties />
      <failure>
        <message><![CDATA[One or more child tests had errors]]></message>
      </failure>
      <test-suite type="TestSuite" id="0-1091" name="Tests" fullname="Automated.Tests" runstate="Runnable" testcasecount="80" result="Failed" site="Child" start-time="2018-10-30 12:16:44Z" end-time="2018-10-30 12:26:18Z" duration="574.022977" total="19" passed="16" failed="3" warnings="0" inconclusive="0" skipped="0" asserts="16">
        <properties />
        <failure>
          <message><![CDATA[One or more child tests had errors]]></message>
        </failure>
        <test-suite type="TestSuite" id="0-1092" name="Scripts" fullname="Automated.Tests.Scripts" runstate="Runnable" testcasecount="80" result="Failed" site="Child" start-time="2018-10-30 12:16:44Z" end-time="2018-10-30 12:26:18Z" duration="574.022969" total="19" passed="16" failed="3" warnings="0" inconclusive="0" skipped="0" asserts="16">
          <properties />
          <failure>
            <message><![CDATA[One or more child tests had errors]]></message>
          </failure>
          <test-suite type="TestSuite" id="0-1096" name="Login" fullname="Automated.Tests.Scripts.Login" runstate="Runnable" testcasecount="50" result="Failed" site="Child" start-time="2018-10-30 12:16:44Z" end-time="2018-10-30 12:26:18Z" duration="574.022949" total="19" passed="16" failed="3" warnings="0" inconclusive="0" skipped="0" asserts="16">
            <properties />
            <failure>
              <message><![CDATA[One or more child tests had errors]]></message>
            </failure>
            <test-suite type="TestFixture" id="0-1048" name="SmokeTests" fullname="Automated.Tests.Scripts.Login.SmokeTests" classname="Automated.Tests.Scripts.Login.SmokeTests" runstate="Runnable" testcasecount="19" result="Failed" site="Child" start-time="2018-10-30 12:16:44Z" end-time="2018-10-30 12:26:18Z" duration="574.019544" total="19" passed="16" failed="3" warnings="0" inconclusive="0" skipped="0" asserts="16">
              <properties />
              <failure>
                <message><![CDATA[One or more child tests had errors]]></message>
              </failure>
              <test-case id="0-1049" name="LoginToApplication" fullname="Automated.Tests.Scripts.Login.SmokeTests.LoginToApplication" methodname="LoginToApplication" classname="Automated.Tests.Scripts.Login.SmokeTests" runstate="Runnable" seed="378091774" result="Passed" start-time="2018-10-30 12:16:44Z" end-time="2018-10-30 12:17:02Z" duration="17.684686" asserts="1">
                <properties>
                  <property name="Order" value="1" />
                  <property name="Category" value="SmokeTests" />
                  <property name="Retry" value="3" />
                </properties>
              </test-case>
              <test-case id="0-1050" name="SearchByExperimentName" fullname="Automated.Tests.Scripts.Login.SmokeTests.SearchByExperimentName" methodname="SearchByExperimentName" classname="Automated.Tests.Scripts.Login.SmokeTests" runstate="Runnable" seed="1950367127" result="Passed" start-time="2018-10-30 12:17:02Z" end-time="2018-10-30 12:17:24Z" duration="22.094705" asserts="1">
                <properties>
                  <property name="Order" value="2" />
                  <property name="Category" value="SmokeTests" />
                  <property name="Retry" value="3" />
                </properties>
              </test-case>
              <test-case id="0-1051" name="ValidatePagingComponents" fullname="Automated.Tests.Scripts.Login.SmokeTests.ValidatePagingComponents" methodname="ValidatePagingComponents" classname="Automated.Tests.Scripts.Login.SmokeTests" runstate="Runnable" seed="1319156133" result="Passed" start-time="2018-10-30 12:17:24Z" end-time="2018-10-30 12:17:57Z" duration="32.953270" asserts="1">
                <properties>
                  <property name="Order" value="3" />
                  <property name="Category" value="SmokeTests" />
                  <property name="Retry" value="3" />
                </properties>
              </test-case>
              <test-case id="0-1052" name="ValidateSearchByMarkerName" fullname="Automated.Tests.Scripts.Login.SmokeTests.ValidateSearchByMarkerName" methodname="ValidateSearchByMarkerName" classname="Automated.Tests.Scripts.Login.SmokeTests" runstate="Runnable" seed="608005337" result="Passed" start-time="2018-10-30 12:17:57Z" end-time="2018-10-30 12:18:27Z" duration="29.384839" asserts="1">
                <properties>
                  <property name="Order" value="4" />
                  <property name="Category" value="SmokeTests" />
                  <property name="Retry" value="3" />
                </properties>
              </test-case>
              <test-case id="0-1053" name="SearchByMarkerNameWithExpandingRows" fullname="Automated.Tests.Scripts.Login.SmokeTests.SearchByMarkerNameWithExpandingRows" methodname="SearchByMarkerNameWithExpandingRows" classname="Automated.Tests.Scripts.Login.SmokeTests" runstate="Runnable" seed="255181765" result="Passed" start-time="2018-10-30 12:18:27Z" end-time="2018-10-30 12:19:17Z" duration="50.022119" asserts="1">
                <properties>
                  <property name="Order" value="5" />
                  <property name="Category" value="SmokeTests" />
                  <property name="Retry" value="3" />
                </properties>
              </test-case>
              <test-case id="0-1054" name="ValidateReadingScorePreviewWindowIsDisplayed" fullname="Automated.Tests.Scripts.Login.SmokeTests.ValidateReadingScorePreviewWindowIsDisplayed" methodname="ValidateReadingScorePreviewWindowIsDisplayed" classname="Automated.Tests.Scripts.Login.SmokeTests" runstate="Runnable" seed="459321158" result="Passed" start-time="2018-10-30 12:19:17Z" end-time="2018-10-30 12:19:55Z" duration="38.139127" asserts="1">
                <properties>
                  <property name="Order" value="6" />
                  <property name="Category" value="SmokeTests" />
                  <property name="Retry" value="3" />
                </properties>
              </test-case>
              <test-case id="0-1055" name="ValidateNavigationInReadingScoreWindow" fullname="Automated.Tests.Scripts.Login.SmokeTests.ValidateNavigationInReadingScoreWindow" methodname="ValidateNavigationInReadingScoreWindow" classname="Automated.Tests.Scripts.Login.SmokeTests" runstate="Runnable" seed="57429788" result="Passed" start-time="2018-10-30 12:19:55Z" end-time="2018-10-30 12:20:39Z" duration="44.435732" asserts="1">
                <properties>
                  <property name="Order" value="7" />
                  <property name="Category" value="SmokeTests" />
                  <property name="Retry" value="3" />
                </properties>
              </test-case>
              <test-case id="0-1056" name="ValidateTheDownloadReadingBtnIsWorking" fullname="Automated.Tests.Scripts.Login.SmokeTests.ValidateTheDownloadReadingBtnIsWorking" methodname="ValidateTheDownloadReadingBtnIsWorking" classname="Automated.Tests.Scripts.Login.SmokeTests" runstate="Runnable" seed="18192576" result="Passed" start-time="2018-10-30 12:20:39Z" end-time="2018-10-30 12:21:13Z" duration="33.633318" asserts="1">
                <properties>
                  <property name="Order" value="8" />
                  <property name="Category" value="SmokeTests" />
                  <property name="Retry" value="3" />
                </properties>
              </test-case>
              <test-case id="0-1057" name="ValidateTheTaskDetailsWindowIsShowingUp" fullname="Automated.Tests.Scripts.Login.SmokeTests.ValidateTheTaskDetailsWindowIsShowingUp" methodname="ValidateTheTaskDetailsWindowIsShowingUp" classname="Automated.Tests.Scripts.Login.SmokeTests" runstate="Runnable" seed="1118303994" result="Failed" label="Error" start-time="2018-10-30 12:21:13Z" end-time="2018-10-30 12:21:44Z" duration="31.231931" asserts="0">
                <properties>
                  <property name="Order" value="9" />
                  <property name="Category" value="SmokeTests" />
                  <property name="Retry" value="3" />
                </properties>
                <failure>
                  <message><![CDATA[OpenQA.Selenium.UnhandledAlertException : unexpected alert open: {Alert text : No more data to download}
  (Session info: chrome=70.0.3538.77)
  (Driver info: chromedriver=2.38.552522 (437e6fbedfa8762dec75e2c5b3ddb86763dc9dcb),platform=Windows NT 10.0.17134 x86_64)]]></message>
                  <stack-trace><![CDATA[   at OpenQA.Selenium.Remote.RemoteWebDriver.UnpackAndThrowOnError(Response errorResponse)
   at OpenQA.Selenium.Remote.RemoteWebDriver.Execute(String driverCommandToExecute, Dictionary`2 parameters)
   at OpenQA.Selenium.Remote.RemoteWebDriver.FindElements(String mechanism, String value)
   at Automated.Utilities.AutomationAbstractions.Components.AutomatedElement.GetActualWebElements()
   at Automated.Application.Pages.PlotView.PlotViewPage.ValidateTasksAreDownloaded() in E:\Automation\Autoscoring_Automation\Automated.Application\Pages\PlotView\PlotViewPage.cs:line 91
   at Automated.Tests.Scripts.Login.SmokeTests.ValidateTheTaskDetailsWindowIsShowingUp() in E:\Automation\Autoscoring_Automation\Automated.Tests\Scripts\SmokeTests\SmokeTests.cs:line 286]]></stack-trace>
                </failure>
              </test-case>
              <test-case id="0-1058" name="ValidateTheTableViewTabIsLoading" fullname="Automated.Tests.Scripts.Login.SmokeTests.ValidateTheTableViewTabIsLoading" methodname="ValidateTheTableViewTabIsLoading" classname="Automated.Tests.Scripts.Login.SmokeTests" runstate="Runnable" seed="27880376" result="Passed" start-time="2018-10-30 12:21:44Z" end-time="2018-10-30 12:22:26Z" duration="42.155340" asserts="1">
                <properties>
                  <property name="Order" value="10" />
                  <property name="Category" value="SmokeTests" />
                  <property name="Retry" value="3" />
                </properties>
              </test-case>
              <test-case id="0-1059" name="ValidateThePlateViewTabIsLoading" fullname="Automated.Tests.Scripts.Login.SmokeTests.ValidateThePlateViewTabIsLoading" methodname="ValidateThePlateViewTabIsLoading" classname="Automated.Tests.Scripts.Login.SmokeTests" runstate="Runnable" seed="718010128" result="Failed" label="Error" start-time="2018-10-30 12:22:26Z" end-time="2018-10-30 12:22:57Z" duration="30.847118" asserts="0">
                <properties>
                  <property name="Order" value="11" />
                  <property name="Category" value="SmokeTests" />
                  <property name="Retry" value="3" />
                </properties>
                <failure>
                  <message><![CDATA[OpenQA.Selenium.UnhandledAlertException : unexpected alert open: {Alert text : No more data to download}
  (Session info: chrome=70.0.3538.77)
  (Driver info: chromedriver=2.38.552522 (437e6fbedfa8762dec75e2c5b3ddb86763dc9dcb),platform=Windows NT 10.0.17134 x86_64)]]></message>
                  <stack-trace><![CDATA[   at OpenQA.Selenium.Remote.RemoteWebDriver.UnpackAndThrowOnError(Response errorResponse)
   at OpenQA.Selenium.Remote.RemoteWebDriver.Execute(String driverCommandToExecute, Dictionary`2 parameters)
   at OpenQA.Selenium.Remote.RemoteWebDriver.FindElements(String mechanism, String value)
   at Automated.Utilities.AutomationAbstractions.Components.AutomatedElement.GetActualWebElements()
   at Automated.Application.Pages.PlotView.PlotViewPage.ValidateTasksAreDownloaded() in E:\Automation\Autoscoring_Automation\Automated.Application\Pages\PlotView\PlotViewPage.cs:line 91
   at Automated.Tests.Scripts.Login.SmokeTests.ValidateThePlateViewTabIsLoading() in E:\Automation\Autoscoring_Automation\Automated.Tests\Scripts\SmokeTests\SmokeTests.cs:line 346]]></stack-trace>
                </failure>
              </test-case>
              <test-case id="0-1060" name="ValidateThePlotViewTabIsLoading" fullname="Automated.Tests.Scripts.Login.SmokeTests.ValidateThePlotViewTabIsLoading" methodname="ValidateThePlotViewTabIsLoading" classname="Automated.Tests.Scripts.Login.SmokeTests" runstate="Runnable" seed="114511593" result="Failed" label="Error" start-time="2018-10-30 12:22:57Z" end-time="2018-10-30 12:23:28Z" duration="30.847315" asserts="0">
                <properties>
                  <property name="Order" value="12" />
                  <property name="Category" value="SmokeTests" />
                  <property name="Retry" value="3" />
                </properties>
                <failure>
                  <message><![CDATA[OpenQA.Selenium.UnhandledAlertException : unexpected alert open: {Alert text : No more data to download}
  (Session info: chrome=70.0.3538.77)
  (Driver info: chromedriver=2.38.552522 (437e6fbedfa8762dec75e2c5b3ddb86763dc9dcb),platform=Windows NT 10.0.17134 x86_64)]]></message>
                  <stack-trace><![CDATA[   at OpenQA.Selenium.Remote.RemoteWebDriver.UnpackAndThrowOnError(Response errorResponse)
   at OpenQA.Selenium.Remote.RemoteWebDriver.Execute(String driverCommandToExecute, Dictionary`2 parameters)
   at OpenQA.Selenium.Remote.RemoteWebDriver.FindElements(String mechanism, String value)
   at Automated.Utilities.AutomationAbstractions.Components.AutomatedElement.GetActualWebElements()
   at Automated.Application.Pages.PlotView.PlotViewPage.ValidateTasksAreDownloaded() in E:\Automation\Autoscoring_Automation\Automated.Application\Pages\PlotView\PlotViewPage.cs:line 91
   at Automated.Tests.Scripts.Login.SmokeTests.ValidateThePlotViewTabIsLoading() in E:\Automation\Autoscoring_Automation\Automated.Tests\Scripts\SmokeTests\SmokeTests.cs:line 375]]></stack-trace>
                </failure>
              </test-case>
              <test-case id="0-1061" name="ChangeScreenModeToEnquiry" fullname="Automated.Tests.Scripts.Login.SmokeTests.ChangeScreenModeToEnquiry" methodname="ChangeScreenModeToEnquiry" classname="Automated.Tests.Scripts.Login.SmokeTests" runstate="Runnable" seed="10821681" result="Passed" start-time="2018-10-30 12:23:28Z" end-time="2018-10-30 12:24:04Z" duration="35.761291" asserts="1">
                <properties>
                  <property name="Order" value="13" />
                  <property name="Category" value="SmokeTests" />
                  <property name="Retry" value="3" />
                </properties>
              </test-case>
              <test-case id="0-1062" name="ChangeScreenModeToWork" fullname="Automated.Tests.Scripts.Login.SmokeTests.ChangeScreenModeToWork" methodname="ChangeScreenModeToWork" classname="Automated.Tests.Scripts.Login.SmokeTests" runstate="Runnable" seed="2139073184" result="Passed" start-time="2018-10-30 12:24:04Z" end-time="2018-10-30 12:24:40Z" duration="36.182713" asserts="1">
                <properties>
                  <property name="Order" value="14" />
                  <property name="Category" value="SmokeTests" />
                  <property name="Retry" value="3" />
                </properties>
              </test-case>
              <test-case id="0-1063" name="ValidateTheFourTechnologiesArePopulatedInTheDDL" fullname="Automated.Tests.Scripts.Login.SmokeTests.ValidateTheFourTechnologiesArePopulatedInTheDDL" methodname="ValidateTheFourTechnologiesArePopulatedInTheDDL" classname="Automated.Tests.Scripts.Login.SmokeTests" runstate="Runnable" seed="2141865762" result="Passed" start-time="2018-10-30 12:24:40Z" end-time="2018-10-30 12:24:59Z" duration="18.728056" asserts="1">
                <properties>
                  <property name="Order" value="15" />
                  <property name="Category" value="SmokeTests" />
                  <property name="Retry" value="3" />
                </properties>
              </test-case>
              <test-case id="0-1064" name="VerifythatNexarHasNoFileTypeDdl" fullname="Automated.Tests.Scripts.Login.SmokeTests.VerifythatNexarHasNoFileTypeDdl" methodname="VerifythatNexarHasNoFileTypeDdl" classname="Automated.Tests.Scripts.Login.SmokeTests" runstate="Runnable" seed="2116273421" result="Passed" start-time="2018-10-30 12:24:59Z" end-time="2018-10-30 12:25:19Z" duration="20.378104" asserts="1">
                <properties>
                  <property name="Order" value="16" />
                  <property name="Category" value="SmokeTests" />
                  <property name="Retry" value="3" />
                </properties>
              </test-case>
              <test-case id="0-1065" name="VerifyThatTaqmanHasCorrectFileTypes" fullname="Automated.Tests.Scripts.Login.SmokeTests.VerifyThatTaqmanHasCorrectFileTypes" methodname="VerifyThatTaqmanHasCorrectFileTypes" classname="Automated.Tests.Scripts.Login.SmokeTests" runstate="Runnable" seed="1433828150" result="Passed" start-time="2018-10-30 12:25:19Z" end-time="2018-10-30 12:25:36Z" duration="17.191756" asserts="1">
                <properties>
                  <property name="Order" value="17" />
                  <property name="Category" value="SmokeTests" />
                  <property name="Retry" value="3" />
                </properties>
              </test-case>
              <test-case id="0-1066" name="ValidateTheDownloadTaskFileLinkIsWorking" fullname="Automated.Tests.Scripts.Login.SmokeTests.ValidateTheDownloadTaskFileLinkIsWorking" methodname="ValidateTheDownloadTaskFileLinkIsWorking" classname="Automated.Tests.Scripts.Login.SmokeTests" runstate="Runnable" seed="232296857" result="Passed" start-time="2018-10-30 12:25:36Z" end-time="2018-10-30 12:25:57Z" duration="21.063741" asserts="1">
                <properties>
                  <property name="Order" value="18" />
                  <property name="Category" value="SmokeTests" />
                  <property name="Retry" value="3" />
                </properties>
              </test-case>
              <test-case id="0-1067" name="ValidateViewReportLinkIsWorking" fullname="Automated.Tests.Scripts.Login.SmokeTests.ValidateViewReportLinkIsWorking" methodname="ValidateViewReportLinkIsWorking" classname="Automated.Tests.Scripts.Login.SmokeTests" runstate="Runnable" seed="1663935752" result="Passed" start-time="2018-10-30 12:25:57Z" end-time="2018-10-30 12:26:18Z" duration="21.274601" asserts="1">
                <properties>
                  <property name="Order" value="19" />
                  <property name="Category" value="SmokeTests" />
                  <property name="Retry" value="3" />
                </properties>
              </test-case>
            </test-suite>
          </test-suite>
        </test-suite>
      </test-suite>
    </test-suite>
  </test-suite>
</test-run>