<?xml version="1.0" encoding="utf-8" standalone="no"?>
<test-run id="2" testcasecount="80" result="Failed" total="19" passed="13" failed="6" inconclusive="0" skipped="0" asserts="13" engine-version="3.9.0.0" clr-version="4.0.30319.42000" start-time="2018-11-05 11:13:06Z" end-time="2018-11-05 11:26:01Z" duration="774.841323">
  <command-line><![CDATA[nunit3-console.exe  E:\Automation\Autoscoring_Automation\Automated.Tests\bin\Debug\Automated.Tests.dll --where "cat == SmokeTests" --labels=All --out=TestResult.txt --work=E:\Automation\Autoscoring_Automation\Test.Automation.Output\Reports\2018-11-05-01-13PM]]></command-line>
  <filter>
    <cat>SmokeTests</cat>
  </filter>
  <test-suite type="Assembly" id="0-1089" name="Automated.Tests.dll" fullname="Automated.Tests.dll" runstate="Runnable" testcasecount="80" result="Failed" site="Child" start-time="2018-11-05 11:13:07Z" end-time="2018-11-05 11:26:01Z" duration="773.253062" total="19" passed="13" failed="6" warnings="0" inconclusive="0" skipped="0" asserts="13">
    <environment framework-version="3.11.0.0" clr-version="4.0.30319.42000" os-version="Microsoft Windows NT 10.0.17134.0" platform="Win32NT" cwd="E:\Automation\Autoscoring_Automation\packages\NUnit.ConsoleRunner.3.9.0\tools" machine-name="DSATY-10-10170" user="doaa.saty" user-domain="ITWORX" culture="en-US" uiculture="en-US" os-architecture="x64" />
    <settings>
      <setting name="DisposeRunners" value="True" />
      <setting name="WorkDirectory" value="E:\Automation\Autoscoring_Automation\Test.Automation.Output\Reports\2018-11-05-01-13PM" />
      <setting name="ImageRuntimeVersion" value="4.0.30319" />
      <setting name="ImageTargetFrameworkName" value=".NETFramework,Version=v4.5.2" />
      <setting name="ImageRequiresX86" value="False" />
      <setting name="ImageRequiresDefaultAppDomainAssemblyResolver" value="False" />
      <setting name="NumberOfTestWorkers" value="4" />
    </settings>
    <properties>
      <property name="_PID" value="17824" />
      <property name="_APPDOMAIN" value="domain-" />
    </properties>
    <failure>
      <message><![CDATA[One or more child tests had errors]]></message>
    </failure>
    <test-suite type="TestSuite" id="0-1090" name="Automated" fullname="Automated" runstate="Runnable" testcasecount="80" result="Failed" site="Child" start-time="2018-11-05 11:13:08Z" end-time="2018-11-05 11:26:01Z" duration="773.203522" total="19" passed="13" failed="6" warnings="0" inconclusive="0" skipped="0" asserts="13">
      <properties />
      <failure>
        <message><![CDATA[One or more child tests had errors]]></message>
      </failure>
      <test-suite type="TestSuite" id="0-1091" name="Tests" fullname="Automated.Tests" runstate="Runnable" testcasecount="80" result="Failed" site="Child" start-time="2018-11-05 11:13:08Z" end-time="2018-11-05 11:26:01Z" duration="773.202362" total="19" passed="13" failed="6" warnings="0" inconclusive="0" skipped="0" asserts="13">
        <properties />
        <failure>
          <message><![CDATA[One or more child tests had errors]]></message>
        </failure>
        <test-suite type="TestSuite" id="0-1092" name="Scripts" fullname="Automated.Tests.Scripts" runstate="Runnable" testcasecount="80" result="Failed" site="Child" start-time="2018-11-05 11:13:08Z" end-time="2018-11-05 11:26:01Z" duration="773.202339" total="19" passed="13" failed="6" warnings="0" inconclusive="0" skipped="0" asserts="13">
          <properties />
          <failure>
            <message><![CDATA[One or more child tests had errors]]></message>
          </failure>
          <test-suite type="TestSuite" id="0-1096" name="Login" fullname="Automated.Tests.Scripts.Login" runstate="Runnable" testcasecount="50" result="Failed" site="Child" start-time="2018-11-05 11:13:08Z" end-time="2018-11-05 11:26:01Z" duration="773.202294" total="19" passed="13" failed="6" warnings="0" inconclusive="0" skipped="0" asserts="13">
            <properties />
            <failure>
              <message><![CDATA[One or more child tests had errors]]></message>
            </failure>
            <test-suite type="TestFixture" id="0-1048" name="SmokeTests" fullname="Automated.Tests.Scripts.Login.SmokeTests" classname="Automated.Tests.Scripts.Login.SmokeTests" runstate="Runnable" testcasecount="19" result="Failed" site="Child" start-time="2018-11-05 11:13:08Z" end-time="2018-11-05 11:26:01Z" duration="773.182549" total="19" passed="13" failed="6" warnings="0" inconclusive="0" skipped="0" asserts="13">
              <properties />
              <failure>
                <message><![CDATA[One or more child tests had errors]]></message>
              </failure>
              <test-case id="0-1049" name="LoginToApplication" fullname="Automated.Tests.Scripts.Login.SmokeTests.LoginToApplication" methodname="LoginToApplication" classname="Automated.Tests.Scripts.Login.SmokeTests" runstate="Runnable" seed="844905970" result="Passed" start-time="2018-11-05 11:13:08Z" end-time="2018-11-05 11:13:35Z" duration="27.056837" asserts="1">
                <properties>
                  <property name="Order" value="1" />
                  <property name="Category" value="SmokeTests" />
                  <property name="Retry" value="3" />
                </properties>
              </test-case>
              <test-case id="0-1050" name="SearchByExperimentName" fullname="Automated.Tests.Scripts.Login.SmokeTests.SearchByExperimentName" methodname="SearchByExperimentName" classname="Automated.Tests.Scripts.Login.SmokeTests" runstate="Runnable" seed="1724275666" result="Passed" start-time="2018-11-05 11:13:35Z" end-time="2018-11-05 11:14:00Z" duration="24.894912" asserts="1">
                <properties>
                  <property name="Order" value="2" />
                  <property name="Category" value="SmokeTests" />
                  <property name="Retry" value="3" />
                </properties>
              </test-case>
              <test-case id="0-1051" name="ValidatePagingComponents" fullname="Automated.Tests.Scripts.Login.SmokeTests.ValidatePagingComponents" methodname="ValidatePagingComponents" classname="Automated.Tests.Scripts.Login.SmokeTests" runstate="Runnable" seed="175308929" result="Passed" start-time="2018-11-05 11:14:00Z" end-time="2018-11-05 11:14:36Z" duration="36.817417" asserts="1">
                <properties>
                  <property name="Order" value="3" />
                  <property name="Category" value="SmokeTests" />
                  <property name="Retry" value="3" />
                </properties>
              </test-case>
              <test-case id="0-1052" name="ValidateSearchByMarkerName" fullname="Automated.Tests.Scripts.Login.SmokeTests.ValidateSearchByMarkerName" methodname="ValidateSearchByMarkerName" classname="Automated.Tests.Scripts.Login.SmokeTests" runstate="Runnable" seed="292894291" result="Passed" start-time="2018-11-05 11:14:36Z" end-time="2018-11-05 11:15:07Z" duration="30.546455" asserts="1">
                <properties>
                  <property name="Order" value="4" />
                  <property name="Category" value="SmokeTests" />
                  <property name="Retry" value="3" />
                </properties>
              </test-case>
              <test-case id="0-1053" name="SearchByMarkerNameWithExpandingRows" fullname="Automated.Tests.Scripts.Login.SmokeTests.SearchByMarkerNameWithExpandingRows" methodname="SearchByMarkerNameWithExpandingRows" classname="Automated.Tests.Scripts.Login.SmokeTests" runstate="Runnable" seed="1008259441" result="Passed" start-time="2018-11-05 11:15:07Z" end-time="2018-11-05 11:15:59Z" duration="51.897686" asserts="1">
                <properties>
                  <property name="Order" value="5" />
                  <property name="Category" value="SmokeTests" />
                  <property name="Retry" value="3" />
                </properties>
              </test-case>
              <test-case id="0-1054" name="ValidateReadingScorePreviewWindowIsDisplayed" fullname="Automated.Tests.Scripts.Login.SmokeTests.ValidateReadingScorePreviewWindowIsDisplayed" methodname="ValidateReadingScorePreviewWindowIsDisplayed" classname="Automated.Tests.Scripts.Login.SmokeTests" runstate="Runnable" seed="1653573457" result="Passed" start-time="2018-11-05 11:15:59Z" end-time="2018-11-05 11:16:40Z" duration="41.226451" asserts="1">
                <properties>
                  <property name="Order" value="6" />
                  <property name="Category" value="SmokeTests" />
                  <property name="Retry" value="3" />
                </properties>
              </test-case>
              <test-case id="0-1055" name="ValidateNavigationInReadingScoreWindow" fullname="Automated.Tests.Scripts.Login.SmokeTests.ValidateNavigationInReadingScoreWindow" methodname="ValidateNavigationInReadingScoreWindow" classname="Automated.Tests.Scripts.Login.SmokeTests" runstate="Runnable" seed="556670634" result="Passed" start-time="2018-11-05 11:16:40Z" end-time="2018-11-05 11:17:27Z" duration="46.613856" asserts="1">
                <properties>
                  <property name="Order" value="7" />
                  <property name="Category" value="SmokeTests" />
                  <property name="Retry" value="3" />
                </properties>
              </test-case>
              <test-case id="0-1056" name="ValidateTheDownloadReadingBtnIsWorking" fullname="Automated.Tests.Scripts.Login.SmokeTests.ValidateTheDownloadReadingBtnIsWorking" methodname="ValidateTheDownloadReadingBtnIsWorking" classname="Automated.Tests.Scripts.Login.SmokeTests" runstate="Runnable" seed="264464187" result="Failed" label="Error" start-time="2018-11-05 11:17:27Z" end-time="2018-11-05 11:18:04Z" duration="37.860547" asserts="0">
                <properties>
                  <property name="Order" value="8" />
                  <property name="Category" value="SmokeTests" />
                  <property name="Retry" value="3" />
                </properties>
                <failure>
                  <message><![CDATA[System.Exception : Element Name: emptyTasks - Element Locator: By.XPath: //table[@id='tasks-filter']/tbody/tr[1]/td[1] Not Existsand Exception is unexpected alert open: {Alert text : No more data to download}
  (Session info: chrome=70.0.3538.77)
  (Driver info: chromedriver=2.38.552522 (437e6fbedfa8762dec75e2c5b3ddb86763dc9dcb),platform=Windows NT 10.0.17134 x86_64)]]></message>
                  <stack-trace><![CDATA[   at TAMM.Automation.Application.Utilities.ElementUtil.WaitUntilWebElementTextChanged(AutomatedElement ele, IWebDriver _driver, Double waitingSec) in E:\Automation\Autoscoring_Automation\Automated.Application\Utilities\ElementUtil.cs:line 328
   at Automated.Application.Pages.PlotView.PlotViewPage.ValidateTasksAreDownloaded() in E:\Automation\Autoscoring_Automation\Automated.Application\Pages\PlotView\PlotViewPage.cs:line 92
   at Automated.Tests.Scripts.Login.SmokeTests.ValidateTheDownloadReadingBtnIsWorking() in E:\Automation\Autoscoring_Automation\Automated.Tests\Scripts\SmokeTests\SmokeTests.cs:line 352]]></stack-trace>
                </failure>
              </test-case>
              <test-case id="0-1057" name="ValidateTheTaskDetailsWindowIsShowingUp" fullname="Automated.Tests.Scripts.Login.SmokeTests.ValidateTheTaskDetailsWindowIsShowingUp" methodname="ValidateTheTaskDetailsWindowIsShowingUp" classname="Automated.Tests.Scripts.Login.SmokeTests" runstate="Runnable" seed="636583057" result="Failed" label="Error" start-time="2018-11-05 11:18:04Z" end-time="2018-11-05 11:18:41Z" duration="36.209266" asserts="0">
                <properties>
                  <property name="Order" value="9" />
                  <property name="Category" value="SmokeTests" />
                  <property name="Retry" value="3" />
                </properties>
                <failure>
                  <message><![CDATA[System.Exception : Element Name: emptyTasks - Element Locator: By.XPath: //table[@id='tasks-filter']/tbody/tr[1]/td[1] Not Existsand Exception is unexpected alert open: {Alert text : No more data to download}
  (Session info: chrome=70.0.3538.77)
  (Driver info: chromedriver=2.38.552522 (437e6fbedfa8762dec75e2c5b3ddb86763dc9dcb),platform=Windows NT 10.0.17134 x86_64)]]></message>
                  <stack-trace><![CDATA[   at TAMM.Automation.Application.Utilities.ElementUtil.WaitUntilWebElementTextChanged(AutomatedElement ele, IWebDriver _driver, Double waitingSec) in E:\Automation\Autoscoring_Automation\Automated.Application\Utilities\ElementUtil.cs:line 328
   at Automated.Application.Pages.PlotView.PlotViewPage.ValidateTasksAreDownloaded() in E:\Automation\Autoscoring_Automation\Automated.Application\Pages\PlotView\PlotViewPage.cs:line 92
   at Automated.Tests.Scripts.Login.SmokeTests.ValidateTheTaskDetailsWindowIsShowingUp() in E:\Automation\Autoscoring_Automation\Automated.Tests\Scripts\SmokeTests\SmokeTests.cs:line 386]]></stack-trace>
                </failure>
              </test-case>
              <test-case id="0-1058" name="ValidateTheTableViewTabIsLoading" fullname="Automated.Tests.Scripts.Login.SmokeTests.ValidateTheTableViewTabIsLoading" methodname="ValidateTheTableViewTabIsLoading" classname="Automated.Tests.Scripts.Login.SmokeTests" runstate="Runnable" seed="688068390" result="Failed" label="Error" start-time="2018-11-05 11:18:41Z" end-time="2018-11-05 11:19:17Z" duration="36.553568" asserts="0">
                <properties>
                  <property name="Order" value="10" />
                  <property name="Category" value="SmokeTests" />
                  <property name="Retry" value="3" />
                </properties>
                <failure>
                  <message><![CDATA[System.Exception : Element Name: emptyTasks - Element Locator: By.XPath: //table[@id='tasks-filter']/tbody/tr[1]/td[1] Not Existsand Exception is unexpected alert open: {Alert text : No more data to download}
  (Session info: chrome=70.0.3538.77)
  (Driver info: chromedriver=2.38.552522 (437e6fbedfa8762dec75e2c5b3ddb86763dc9dcb),platform=Windows NT 10.0.17134 x86_64)]]></message>
                  <stack-trace><![CDATA[   at TAMM.Automation.Application.Utilities.ElementUtil.WaitUntilWebElementTextChanged(AutomatedElement ele, IWebDriver _driver, Double waitingSec) in E:\Automation\Autoscoring_Automation\Automated.Application\Utilities\ElementUtil.cs:line 328
   at Automated.Application.Pages.PlotView.PlotViewPage.ValidateTasksAreDownloaded() in E:\Automation\Autoscoring_Automation\Automated.Application\Pages\PlotView\PlotViewPage.cs:line 92
   at Automated.Tests.Scripts.Login.SmokeTests.ValidateTheTableViewTabIsLoading() in E:\Automation\Autoscoring_Automation\Automated.Tests\Scripts\SmokeTests\SmokeTests.cs:line 429]]></stack-trace>
                </failure>
              </test-case>
              <test-case id="0-1059" name="ValidateThePlateViewTabIsLoading" fullname="Automated.Tests.Scripts.Login.SmokeTests.ValidateThePlateViewTabIsLoading" methodname="ValidateThePlateViewTabIsLoading" classname="Automated.Tests.Scripts.Login.SmokeTests" runstate="Runnable" seed="657637493" result="Failed" label="Error" start-time="2018-11-05 11:19:17Z" end-time="2018-11-05 11:19:55Z" duration="38.135061" asserts="0">
                <properties>
                  <property name="Order" value="11" />
                  <property name="Category" value="SmokeTests" />
                  <property name="Retry" value="3" />
                </properties>
                <failure>
                  <message><![CDATA[System.Exception : Element Name: emptyTasks - Element Locator: By.XPath: //table[@id='tasks-filter']/tbody/tr[1]/td[1] Not Existsand Exception is unexpected alert open: {Alert text : No more data to download}
  (Session info: chrome=70.0.3538.77)
  (Driver info: chromedriver=2.38.552522 (437e6fbedfa8762dec75e2c5b3ddb86763dc9dcb),platform=Windows NT 10.0.17134 x86_64)]]></message>
                  <stack-trace><![CDATA[   at TAMM.Automation.Application.Utilities.ElementUtil.WaitUntilWebElementTextChanged(AutomatedElement ele, IWebDriver _driver, Double waitingSec) in E:\Automation\Autoscoring_Automation\Automated.Application\Utilities\ElementUtil.cs:line 328
   at Automated.Application.Pages.PlotView.PlotViewPage.ValidateTasksAreDownloaded() in E:\Automation\Autoscoring_Automation\Automated.Application\Pages\PlotView\PlotViewPage.cs:line 92
   at Automated.Tests.Scripts.Login.SmokeTests.ValidateThePlateViewTabIsLoading() in E:\Automation\Autoscoring_Automation\Automated.Tests\Scripts\SmokeTests\SmokeTests.cs:line 471]]></stack-trace>
                </failure>
              </test-case>
              <test-case id="0-1060" name="ValidateThePlotViewTabIsLoading" fullname="Automated.Tests.Scripts.Login.SmokeTests.ValidateThePlotViewTabIsLoading" methodname="ValidateThePlotViewTabIsLoading" classname="Automated.Tests.Scripts.Login.SmokeTests" runstate="Runnable" seed="858847432" result="Failed" label="Error" start-time="2018-11-05 11:19:55Z" end-time="2018-11-05 11:20:32Z" duration="36.377495" asserts="0">
                <properties>
                  <property name="Order" value="12" />
                  <property name="Category" value="SmokeTests" />
                  <property name="Retry" value="3" />
                </properties>
                <failure>
                  <message><![CDATA[System.Exception : Element Name: emptyTasks - Element Locator: By.XPath: //table[@id='tasks-filter']/tbody/tr[1]/td[1] Not Existsand Exception is unexpected alert open: {Alert text : No more data to download}
  (Session info: chrome=70.0.3538.77)
  (Driver info: chromedriver=2.38.552522 (437e6fbedfa8762dec75e2c5b3ddb86763dc9dcb),platform=Windows NT 10.0.17134 x86_64)]]></message>
                  <stack-trace><![CDATA[   at TAMM.Automation.Application.Utilities.ElementUtil.WaitUntilWebElementTextChanged(AutomatedElement ele, IWebDriver _driver, Double waitingSec) in E:\Automation\Autoscoring_Automation\Automated.Application\Utilities\ElementUtil.cs:line 328
   at Automated.Application.Pages.PlotView.PlotViewPage.ValidateTasksAreDownloaded() in E:\Automation\Autoscoring_Automation\Automated.Application\Pages\PlotView\PlotViewPage.cs:line 92
   at Automated.Tests.Scripts.Login.SmokeTests.ValidateThePlotViewTabIsLoading() in E:\Automation\Autoscoring_Automation\Automated.Tests\Scripts\SmokeTests\SmokeTests.cs:line 511]]></stack-trace>
                </failure>
              </test-case>
              <test-case id="0-1061" name="ChangeScreenModeToEnquiry" fullname="Automated.Tests.Scripts.Login.SmokeTests.ChangeScreenModeToEnquiry" methodname="ChangeScreenModeToEnquiry" classname="Automated.Tests.Scripts.Login.SmokeTests" runstate="Runnable" seed="1538217727" result="Passed" start-time="2018-11-05 11:20:32Z" end-time="2018-11-05 11:21:14Z" duration="42.477894" asserts="1">
                <properties>
                  <property name="Order" value="13" />
                  <property name="Category" value="SmokeTests" />
                  <property name="Retry" value="3" />
                </properties>
              </test-case>
              <test-case id="0-1062" name="ChangeScreenModeToWork" fullname="Automated.Tests.Scripts.Login.SmokeTests.ChangeScreenModeToWork" methodname="ChangeScreenModeToWork" classname="Automated.Tests.Scripts.Login.SmokeTests" runstate="Runnable" seed="494509893" result="Passed" start-time="2018-11-05 11:21:14Z" end-time="2018-11-05 11:21:58Z" duration="43.785887" asserts="1">
                <properties>
                  <property name="Order" value="14" />
                  <property name="Category" value="SmokeTests" />
                  <property name="Retry" value="3" />
                </properties>
              </test-case>
              <test-case id="0-1063" name="ValidateTheFourTechnologiesArePopulatedInTheDDL" fullname="Automated.Tests.Scripts.Login.SmokeTests.ValidateTheFourTechnologiesArePopulatedInTheDDL" methodname="ValidateTheFourTechnologiesArePopulatedInTheDDL" classname="Automated.Tests.Scripts.Login.SmokeTests" runstate="Runnable" seed="1346541841" result="Failed" label="Error" start-time="2018-11-05 11:21:58Z" end-time="2018-11-05 11:24:15Z" duration="137.293282" asserts="0">
                <properties>
                  <property name="Order" value="15" />
                  <property name="Category" value="SmokeTests" />
                  <property name="Retry" value="3" />
                </properties>
                <failure>
                  <message><![CDATA[OpenQA.Selenium.WebDriverTimeoutException : Timed out after 120 seconds]]></message>
                  <stack-trace><![CDATA[   at OpenQA.Selenium.Support.UI.DefaultWait`1.ThrowTimeoutException(String exceptionMessage, Exception lastException)
   at OpenQA.Selenium.Support.UI.DefaultWait`1.Until[TResult](Func`2 condition)
   at Automated.Utilities.AutomationAbstractions.CoreActions.AutomatedActions.WaitActions.WaitForWebElementToBeClickable(AutomatedElement element, Int32 timeoutInSeconds)
   at Automated.Application.Pages.MainMenuNavigation.MainMenuNavigation.ClickOnImportExperimentsMenuItem() in E:\Automation\Autoscoring_Automation\Automated.Application\Pages\MainMenuNavigation\MainMenuNavigation.cs:line 55
   at Automated.Tests.Scripts.Login.SmokeTests.ValidateTheFourTechnologiesArePopulatedInTheDDL() in E:\Automation\Autoscoring_Automation\Automated.Tests\Scripts\SmokeTests\SmokeTests.cs:line 616]]></stack-trace>
                </failure>
              </test-case>
              <test-case id="0-1064" name="VerifythatNexarHasNoFileTypeDdl" fullname="Automated.Tests.Scripts.Login.SmokeTests.VerifythatNexarHasNoFileTypeDdl" methodname="VerifythatNexarHasNoFileTypeDdl" classname="Automated.Tests.Scripts.Login.SmokeTests" runstate="Runnable" seed="1772269471" result="Passed" start-time="2018-11-05 11:24:15Z" end-time="2018-11-05 11:24:44Z" duration="28.711253" asserts="1">
                <properties>
                  <property name="Order" value="16" />
                  <property name="Category" value="SmokeTests" />
                  <property name="Retry" value="3" />
                </properties>
              </test-case>
              <test-case id="0-1065" name="VerifyThatTaqmanHasCorrectFileTypes" fullname="Automated.Tests.Scripts.Login.SmokeTests.VerifyThatTaqmanHasCorrectFileTypes" methodname="VerifyThatTaqmanHasCorrectFileTypes" classname="Automated.Tests.Scripts.Login.SmokeTests" runstate="Runnable" seed="1977956037" result="Passed" start-time="2018-11-05 11:24:44Z" end-time="2018-11-05 11:25:06Z" duration="21.905497" asserts="1">
                <properties>
                  <property name="Order" value="17" />
                  <property name="Category" value="SmokeTests" />
                  <property name="Retry" value="3" />
                </properties>
              </test-case>
              <test-case id="0-1066" name="ValidateTheDownloadTaskFileLinkIsWorking" fullname="Automated.Tests.Scripts.Login.SmokeTests.ValidateTheDownloadTaskFileLinkIsWorking" methodname="ValidateTheDownloadTaskFileLinkIsWorking" classname="Automated.Tests.Scripts.Login.SmokeTests" runstate="Runnable" seed="392686240" result="Passed" start-time="2018-11-05 11:25:06Z" end-time="2018-11-05 11:25:35Z" duration="29.135284" asserts="1">
                <properties>
                  <property name="Order" value="18" />
                  <property name="Category" value="SmokeTests" />
                  <property name="Retry" value="3" />
                </properties>
              </test-case>
              <test-case id="0-1067" name="ValidateViewReportLinkIsWorking" fullname="Automated.Tests.Scripts.Login.SmokeTests.ValidateViewReportLinkIsWorking" methodname="ValidateViewReportLinkIsWorking" classname="Automated.Tests.Scripts.Login.SmokeTests" runstate="Runnable" seed="185742618" result="Passed" start-time="2018-11-05 11:25:35Z" end-time="2018-11-05 11:26:01Z" duration="25.616353" asserts="1">
                <properties>
                  <property name="Order" value="19" />
                  <property name="Category" value="SmokeTests" />
                  <property name="Retry" value="3" />
                </properties>
              </test-case>
            </test-suite>
          </test-suite>
        </test-suite>
      </test-suite>
    </test-suite>
  </test-suite>
</test-run>